\BOOKMARK [0][-]{section*.1}{\376\377\000B\000l\000a\000c\000k\000-\000h\000o\000l\000e\000\040\000r\000i\000n\000g\000d\000o\000w\000n\000\040\000a\000s\000\040\000a\000\040\000p\000r\000o\000b\000e\000\040\000o\000f\000\040\000h\000i\000g\000h\000e\000r\000-\000c\000u\000r\000v\000a\000t\000u\000r\000e\000\040\000g\000r\000a\000v\000i\000t\000y\000\040\000t\000h\000e\000o\000r\000i\000e\000s}{}% 1
\BOOKMARK [1][-]{section*.2}{\376\377\000I\000n\000t\000r\000o\000d\000u\000c\000t\000i\000o\000n}{section*.1}% 2
\BOOKMARK [1][-]{section*.3}{\376\377\000O\000v\000e\000r\000v\000i\000e\000w\000\040\000o\000f\000\040\000m\000o\000d\000i\000f\000i\000e\000d\000\040\000g\000r\000a\000v\000i\000t\000y\000\040\000t\000h\000e\000o\000r\000i\000e\000s}{section*.1}% 3
\BOOKMARK [2][-]{section*.4}{\376\377\000s\000c\000a\000l\000a\000r\000-\000G\000a\000u\000s\000s\000-\000B\000o\000n\000n\000e\000t\000\040\000g\000r\000a\000v\000i\000t\000y}{section*.3}% 4
\BOOKMARK [2][-]{section*.5}{\376\377\000d\000y\000n\000a\000m\000i\000c\000a\000l\000\040\000C\000h\000e\000r\000n\000-\000S\000i\000m\000o\000n\000s\000\040\000g\000r\000a\000v\000i\000t\000y}{section*.3}% 5
\BOOKMARK [2][-]{section*.6}{\376\377\000E\000f\000f\000e\000c\000t\000i\000v\000e\000-\000f\000i\000e\000l\000d\000-\000t\000h\000e\000o\000r\000y\000\040\000o\000f\000\040\000G\000R}{section*.3}% 6
\BOOKMARK [1][-]{section*.7}{\376\377\000M\000e\000t\000h\000o\000d\000s}{section*.1}% 7
\BOOKMARK [2][-]{section*.8}{\376\377\000T\000h\000e\000\040\000p\000a\000r\000a\000m\000e\000t\000r\000i\000z\000e\000d\000\040\000r\000i\000n\000g\000d\000o\000w\000n\000\040\000s\000p\000i\000n\000\040\000e\000x\000p\000a\000n\000s\000i\000o\000n\000\040\000c\000o\000e\000f\000f\000i\000c\000i\000e\000n\000t\000s\000\040\000f\000r\000a\000m\000e\000w\000o\000r\000k}{section*.7}% 8
\BOOKMARK [2][-]{section*.9}{\376\377\000T\000h\000e\000\040\000p\000a\000r\000a\000m\000e\000t\000r\000i\000z\000e\000d\000\040\000w\000a\000v\000e\000f\000o\000r\000m\000\040\000m\000o\000d\000e\000l}{section*.7}% 9
\BOOKMARK [2][-]{section*.10}{\376\377\000F\000r\000o\000m\000\040\000t\000h\000e\000o\000r\000y\000-\000a\000g\000n\000o\000s\000t\000i\000c\000\040\000t\000o\000\040\000t\000h\000e\000o\000r\000y\000-\000s\000p\000e\000c\000i\000f\000i\000c\000\040\000Q\000N\000M\000\040\000r\000e\000s\000u\000l\000t\000s}{section*.7}% 10
\BOOKMARK [1][-]{section*.11}{\376\377\000P\000a\000r\000a\000m\000e\000t\000e\000r\000\040\000I\000n\000f\000e\000r\000e\000n\000c\000e}{section*.1}% 11
\BOOKMARK [2][-]{section*.12}{\376\377\000B\000a\000y\000e\000s\000i\000a\000n\000\040\000f\000o\000r\000m\000a\000l\000i\000s\000m}{section*.11}% 12
\BOOKMARK [2][-]{section*.13}{\376\377\000P\000r\000i\000o\000r\000s}{section*.11}% 13
\BOOKMARK [2][-]{section*.14}{\376\377\000E\000v\000e\000n\000t\000\040\000s\000e\000l\000e\000c\000t\000i\000o\000n}{section*.11}% 14
\BOOKMARK [2][-]{section*.15}{\376\377\000G\000e\000n\000e\000r\000a\000l\000\040\000r\000e\000m\000a\000r\000k\000s\000\040\000o\000n\000\040\000t\000h\000e\000\040\000i\000n\000t\000e\000r\000p\000r\000e\000t\000a\000t\000i\000o\000n\000\040\000o\000f\000\040\000o\000u\000r\000\040\000r\000e\000s\000u\000l\000t\000s}{section*.11}% 15
\BOOKMARK [1][-]{section*.16}{\376\377\000R\000e\000s\000u\000l\000t\000s\000\040\000u\000s\000i\000n\000g\000\040\000L\000I\000G\000O\000-\000V\000i\000r\000g\000o\000\040\000e\000v\000e\000n\000t\000s}{section*.1}% 16
\BOOKMARK [2][-]{section*.17}{\376\377\000E\000i\000n\000s\000t\000e\000i\000n\000-\000d\000i\000l\000a\000t\000o\000n\000-\000G\000a\000u\000s\000s\000-\000B\000o\000n\000n\000e\000t\000\040\000g\000r\000a\000v\000i\000t\000y}{section*.16}% 17
\BOOKMARK [2][-]{section*.18}{\376\377\000D\000y\000n\000a\000m\000i\000c\000a\000l\000\040\000C\000h\000e\000r\000n\000-\000S\000i\000m\000o\000n\000s}{section*.16}% 18
\BOOKMARK [2][-]{section*.19}{\376\377\000c\000u\000b\000i\000c\000\040\000e\000f\000f\000e\000c\000t\000i\000v\000e\000-\000f\000i\000e\000l\000d\000-\000t\000h\000e\000o\000r\000y\000\040\000o\000f\000\040\000g\000e\000n\000e\000r\000a\000l\000\040\000r\000e\000l\000a\000t\000i\000v\000i\000t\000y}{section*.16}% 19
\BOOKMARK [2][-]{section*.20}{\376\377\000q\000u\000a\000r\000t\000i\000c\000\040\000e\000f\000f\000e\000c\000t\000i\000v\000e\000-\000f\000i\000e\000l\000d\000-\000t\000h\000e\000o\000r\000y\000\040\000o\000f\000\040\000g\000e\000n\000e\000r\000a\000l\000\040\000r\000e\000l\000a\000t\000i\000v\000i\000t\000y}{section*.16}% 20
\BOOKMARK [1][-]{section*.21}{\376\377\000C\000o\000n\000c\000l\000u\000s\000i\000o\000n\000s}{section*.1}% 21
\BOOKMARK [1][-]{section*.22}{\376\377\000D\000e\000t\000a\000i\000l\000s\000\040\000o\000f\000\040\000t\000h\000e\000\040\000d\000e\000t\000e\000r\000m\000i\000n\000a\000t\000i\000o\000n\000\040\000o\000f\000\040\000t\000h\000e\000\040\000t\000h\000e\000o\000r\000y\000-\000s\000p\000e\000c\000i\000f\000i\000c\000\040\000P\000a\000r\000S\000p\000e\000c\000\040\000c\000o\000e\000f\000f\000i\000c\000i\000e\000n\000t\000s}{section*.1}% 22
\BOOKMARK [2][-]{section*.23}{\376\377\000E\000i\000n\000s\000t\000e\000i\000n\000-\000d\000i\000l\000a\000t\000o\000n\000-\000G\000a\000u\000s\000s\000-\000B\000o\000n\000n\000e\000t}{section*.22}% 23
\BOOKMARK [2][-]{section*.24}{\376\377\000d\000y\000n\000a\000m\000i\000c\000a\000l\000\040\000C\000h\000e\000r\000n\000-\000S\000i\000m\000o\000n\000s}{section*.22}% 24
\BOOKMARK [2][-]{section*.25}{\376\377\000E\000f\000f\000e\000c\000t\000i\000v\000e\000-\000f\000i\000e\000l\000d\000-\000t\000h\000e\000o\000r\000i\000e\000s\000\040\000G\000R}{section*.22}% 25
\BOOKMARK [1][-]{section*.26}{\376\377\000A\000c\000k\000n\000o\000w\000l\000e\000d\000g\000e\000m\000e\000n\000t\000s}{section*.1}% 26
\BOOKMARK [1][-]{section*.27}{\376\377\000R\000e\000f\000e\000r\000e\000n\000c\000e\000s}{section*.1}% 27
